M68HC11 GAS  pwbmlib.s 			page 1


   1                 	.include "pwbmlib.h"
   1                 	;============================================-=
   2                 	; File:
   3                 	       .file "pwbmlib.h" 
   4                 	; Behaviour: 
   5                 	;      Library of Buffalo Monitor Routines
   6                 	; Assumptions:
   7                 	;      Routines only modify registers and the stack.
   8                 	; Board:
   9                 	;      CME11-E9-EVBU (with the PW link HACK)
  10                 	; Author:
  11                 	;      Peter Walsh
  12                 	;============================================-=
  13                 	
  14                 	;---------------------------------------------
  15                 	; Behaviour:
  16                 	;    Buffalo Monitor OUTCRLF
  17                 	; Assumptions:
  18                 	;    none
  19                 	; Restriction:
  20                 	;    subroutine may only accesses registers and the stack
  21                 	; Register and Memory Usage:
  22                 	;    Precondition:
  23                 	;      none
  24                 	;    Postcondition:
  25                 	;      none
  26                 	;    Destroys:
  27                 	;      none
  28                 	;---------------------------------------------
  29                 	.global wcrlf
  30                 	.global xwcrlf
  31                 	
  32                 	
  33                 	;---------------------------------------------
  34                 	; Behaviour:
  35                 	;    Buffalo Monitor OUTSTRGO
  36                 	; Assumptions:
  37                 	;    none
  38                 	; Restriction:
  39                 	;    subroutine may only accesses registers and the stack
  40                 	; Register and Memory Usage:
  41                 	;    Precondition:
  42                 	;      accd contains the address of the first character in the string
  43                 	;    Postcondition:
  44                 	;      none
  45                 	;    Destroys:
  46                 	;      none
  47                 	;---------------------------------------------
  48                 	.global wstr
  49                 	.global xwstr
   2                 	
   3                 	;============================================-=
   4                 	; File:
   5                 	       .file "pwbmlib.h"
   6                 	; Behaviour:
   7                 	;      Library of Buffalo Monitor Routines.
   8                 	; Assumptions:
M68HC11 GAS  pwbmlib.s 			page 2


   9                 	;      Routines only modify registers and the stack.
  10                 	; Board:
  11                 	;      CME11-E9-EVBU (with the PW link HACK)
  12                 	; Author:
  13                 	;      Peter Walsh
  14                 	;============================================-=
  15                 	
  16                 	;----------------------------------------------
  17                 	;            Text Section (code and data)
  18                 	;----------------------------------------------
  19                 	.sect .text
  20                 	
  21                 	;======================
  22                 	; Buff routine stubs
  23                 	;======================
  24                 	
  25                 	set OUTSTRGO, 0xffca
  26                 	set OUTCRLF, 0xffc4
  27                 	
  28                 	.global wstr
  29                 	.global wcrlf
  30                 	
  31 0000 BD FF C4    	wcrlf:  jsr OUTCRLF
  32 0003 39          	        rts
  33                 	
  34 0004 8F          	wstr:   xgdx
  35 0005 BD FF CA    	        jsr OUTSTRGO
  36 0008 39          	        rts
  37                 	
  38                 	.end
