M68HC11 GAS  irqA.s 			page 1


   1                 		;============================================-=
   2                 		; File:
   3                 		       .file "irqA.s" 
   4                 		; Behaviour: 
   5                 		;      Store in COUNT the  number of IRQs interrupts generated.
   6                 		; Assumptions:
   7                 		;      none
   8                 		; Board:
   9                 		;      CME11-E9-EVBU (with the PW link HACK)
  10                 		; Author:
  11                 		;      Peter Walsh
  12                 		;============================================-=
  13                 		  set irqBar, 0x00ee
  14                 		  set irqJmp, 0x7e
  15                 		  set irqSR, 0x00ef
  16                 	  ;----------------------------------------------
  17                 		;            Text Section (code)
  18                 		;----------------------------------------------
  19                 		.sect .text
  20                 		.global _start
  21                 	
  22                 		;---------------------------------------------
  23                 		; Behaviour: 
  24                 		;    Interrupt Service Routine
  25                 		;    Store in COUNT the number of times this routine is invoked.
  26                 		; Assumptions:
  27                 		;    none
  28                 		; Restriction:
  29                 		;    none
  30                 		; Register and Memory Usage:
  31                 		;    Precondition:
  32                 		;    Postcondition:
  33                 		;       COUNT is incremented by 1
  34                 		;    Destroys:
  35                 		;       none
  36                 		;---------------------------------------------
  37                 		irqCount:
  38 0000 B6 00 00    		               ldaa COUNT
  39 0003 4C          		               inca
  40 0004 B7 00 00    		               staa COUNT
  41 0007 3B          		xirqCount:     rti
  42                 	
  43                 		_start: 
  44 0008 8E 00 00    		               lds #_stack    ; initialize SP
  45 000b CE 00 00    	                 ldx #irqCount
  46 000e FF 00 EF    	                 stx irqSR
  47 0011 86 7E       	                 ldaa #irqJmp
  48 0013 B7 00 EE    	                 staa irqBar
  49 0016 0E          		               cli
  50 0017 7E 00 00    		loop:	       jmp loop
  51                 		;-----------------------------------------
  52                 		;         Data Area
  53                 	
  54                 		;-----------------------------------------
  55 001a 00          		COUNT: .byte  0
  56                 	
  57                 		#set up dummy frame pointer
M68HC11 GAS  irqA.s 			page 2


  58                 		.global _.frame
  59                 		_.frame: .word
  60                 	
  61                 	
  62                 		.end
